2026-06-25 16:41:49,639 - C:\Users\Raj Chandanshive\OneDrive\Desktop\RAJ\hackathon\demo\IR-colorization-BAH2026\output\patches - INFO - Found 1 products in C:\Users\Raj Chandanshive\OneDrive\Desktop\RAJ\hackathon\demo\IR-colorization-BAH2026\output\downscaled_data
2026-06-25 16:41:49,642 - C:\Users\Raj Chandanshive\OneDrive\Desktop\RAJ\hackathon\demo\IR-colorization-BAH2026\output\patches - INFO - Generating full dataset patches for demo...
2026-06-25 16:41:49,642 - C:\Users\Raj Chandanshive\OneDrive\Desktop\RAJ\hackathon\demo\IR-colorization-BAH2026\output\patches - INFO - Successfully created 0 samples for demo.
2026-06-25 16:47:26,036 - C:\Users\Raj Chandanshive\OneDrive\Desktop\RAJ\hackathon\demo\IR-colorization-BAH2026\output\patches - INFO - Found 1 products in C:\Users\Raj Chandanshive\OneDrive\Desktop\RAJ\hackathon\demo\IR-colorization-BAH2026\output\downscaled_data
2026-06-25 16:47:26,045 - C:\Users\Raj Chandanshive\OneDrive\Desktop\RAJ\hackathon\demo\IR-colorization-BAH2026\output\patches - INFO - Generating full dataset patches for demo...
2026-06-25 16:47:26,153 - C:\Users\Raj Chandanshive\OneDrive\Desktop\RAJ\hackathon\demo\IR-colorization-BAH2026\output\patches - INFO - Successfully created 1 samples for demo.
2026-06-25 16:59:32,457 - C:\Users\Raj Chandanshive\OneDrive\Desktop\RAJ\hackathon\demo\IR-colorization-BAH2026\output\patches - INFO - Found 1 products in C:\Users\Raj Chandanshive\OneDrive\Desktop\RAJ\hackathon\demo\IR-colorization-BAH2026\output\downscaled_data
2026-06-25 16:59:32,461 - C:\Users\Raj Chandanshive\OneDrive\Desktop\RAJ\hackathon\demo\IR-colorization-BAH2026\output\patches - INFO - Generating full dataset patches for demo...
2026-06-25 16:59:32,552 - C:\Users\Raj Chandanshive\OneDrive\Desktop\RAJ\hackathon\demo\IR-colorization-BAH2026\output\patches - INFO - Successfully created 1 samples for demo.
2026-06-25 17:01:43,950 - C:\Users\Raj Chandanshive\OneDrive\Desktop\RAJ\hackathon\demo\IR-colorization-BAH2026\output\patches - INFO - Found 1 products in C:\Users\Raj Chandanshive\OneDrive\Desktop\RAJ\hackathon\demo\IR-colorization-BAH2026\output\downscaled_data
2026-06-25 17:01:43,954 - C:\Users\Raj Chandanshive\OneDrive\Desktop\RAJ\hackathon\demo\IR-colorization-BAH2026\output\patches - INFO - Generating full dataset patches for demo...
2026-06-25 17:01:44,039 - C:\Users\Raj Chandanshive\OneDrive\Desktop\RAJ\hackathon\demo\IR-colorization-BAH2026\output\patches - INFO - Successfully created 1 samples for demo.
2026-06-25 17:06:22,421 - C:\Users\Raj Chandanshive\OneDrive\Desktop\RAJ\hackathon\demo\IR-colorization-BAH2026\output\patches - INFO - Found 1 products in C:\Users\Raj Chandanshive\OneDrive\Desktop\RAJ\hackathon\demo\IR-colorization-BAH2026\output\downscaled_data
2026-06-25 17:06:22,426 - C:\Users\Raj Chandanshive\OneDrive\Desktop\RAJ\hackathon\demo\IR-colorization-BAH2026\output\patches - INFO - Generating full dataset patches for demo...
2026-06-25 17:06:22,512 - C:\Users\Raj Chandanshive\OneDrive\Desktop\RAJ\hackathon\demo\IR-colorization-BAH2026\output\patches - INFO - Successfully created 1 samples for demo.
2026-06-25 17:06:28,317 - C:\Users\Raj Chandanshive\OneDrive\Desktop\RAJ\hackathon\demo\IR-colorization-BAH2026\output\patches - INFO - Found 2 products in C:\Users\Raj Chandanshive\OneDrive\Desktop\RAJ\hackathon\demo\IR-colorization-BAH2026\output\downscaled_data
2026-06-25 17:06:28,323 - C:\Users\Raj Chandanshive\OneDrive\Desktop\RAJ\hackathon\demo\IR-colorization-BAH2026\output\patches - INFO - Generating full dataset patches for demo...
2026-06-25 17:06:28,421 - C:\Users\Raj Chandanshive\OneDrive\Desktop\RAJ\hackathon\demo\IR-colorization-BAH2026\output\patches - INFO - Successfully created 1 samples for demo.
2026-06-25 17:06:28,425 - C:\Users\Raj Chandanshive\OneDrive\Desktop\RAJ\hackathon\demo\IR-colorization-BAH2026\output\patches - INFO - Generating full dataset patches for mumbai...
2026-06-25 17:06:28,425 - C:\Users\Raj Chandanshive\OneDrive\Desktop\RAJ\hackathon\demo\IR-colorization-BAH2026\output\patches - INFO - Successfully created 0 samples for mumbai.
2026-06-25 17:13:21,469 - C:\Users\Raj Chandanshive\OneDrive\Desktop\RAJ\hackathon\demo\IR-colorization-BAH2026\output\patches - INFO - Found 2 products in C:\Users\Raj Chandanshive\OneDrive\Desktop\RAJ\hackathon\demo\IR-colorization-BAH2026\output\downscaled_data
2026-06-25 17:13:21,474 - C:\Users\Raj Chandanshive\OneDrive\Desktop\RAJ\hackathon\demo\IR-colorization-BAH2026\output\patches - INFO - Generating full dataset patches for demo...
2026-06-25 17:13:21,567 - C:\Users\Raj Chandanshive\OneDrive\Desktop\RAJ\hackathon\demo\IR-colorization-BAH2026\output\patches - INFO - Successfully created 1 samples for demo.
2026-06-25 17:13:21,573 - C:\Users\Raj Chandanshive\OneDrive\Desktop\RAJ\hackathon\demo\IR-colorization-BAH2026\output\patches - INFO - Generating full dataset patches for mumbai...
2026-06-25 17:13:21,573 - C:\Users\Raj Chandanshive\OneDrive\Desktop\RAJ\hackathon\demo\IR-colorization-BAH2026\output\patches - INFO - Successfully created 0 samples for mumbai.
2026-06-25 17:13:27,749 - C:\Users\Raj Chandanshive\OneDrive\Desktop\RAJ\hackathon\demo\IR-colorization-BAH2026\output\patches - INFO - Found 2 products in C:\Users\Raj Chandanshive\OneDrive\Desktop\RAJ\hackathon\demo\IR-colorization-BAH2026\output\downscaled_data
2026-06-25 17:13:27,755 - C:\Users\Raj Chandanshive\OneDrive\Desktop\RAJ\hackathon\demo\IR-colorization-BAH2026\output\patches - INFO - Generating full dataset patches for mumbai...
2026-06-25 17:13:27,850 - C:\Users\Raj Chandanshive\OneDrive\Desktop\RAJ\hackathon\demo\IR-colorization-BAH2026\output\patches - INFO - Successfully created 1 samples for mumbai.
2026-06-25 17:13:27,854 - C:\Users\Raj Chandanshive\OneDrive\Desktop\RAJ\hackathon\demo\IR-colorization-BAH2026\output\patches - INFO - Generating full dataset patches for demo...
2026-06-25 17:13:27,932 - C:\Users\Raj Chandanshive\OneDrive\Desktop\RAJ\hackathon\demo\IR-colorization-BAH2026\output\patches - INFO - Successfully created 1 samples for demo.
2026-06-25 17:26:53,005 - C:\Users\Raj Chandanshive\OneDrive\Desktop\RAJ\hackathon\demo\IR-colorization-BAH2026\output\patches - INFO - Found 2 products in C:\Users\Raj Chandanshive\OneDrive\Desktop\RAJ\hackathon\demo\IR-colorization-BAH2026\output\downscaled_data
2026-06-25 17:26:53,011 - C:\Users\Raj Chandanshive\OneDrive\Desktop\RAJ\hackathon\demo\IR-colorization-BAH2026\output\patches - INFO - Generating full dataset patches for demo...
2026-06-25 17:26:53,109 - C:\Users\Raj Chandanshive\OneDrive\Desktop\RAJ\hackathon\demo\IR-colorization-BAH2026\output\patches - INFO - Successfully created 1 samples for demo.
2026-06-25 17:26:53,114 - C:\Users\Raj Chandanshive\OneDrive\Desktop\RAJ\hackathon\demo\IR-colorization-BAH2026\output\patches - INFO - Generating full dataset patches for mumbai...
2026-06-25 17:26:53,243 - C:\Users\Raj Chandanshive\OneDrive\Desktop\RAJ\hackathon\demo\IR-colorization-BAH2026\output\patches - INFO - Successfully created 1 samples for mumbai.
2026-06-25 17:26:59,083 - C:\Users\Raj Chandanshive\OneDrive\Desktop\RAJ\hackathon\demo\IR-colorization-BAH2026\output\patches - INFO - Found 2 products in C:\Users\Raj Chandanshive\OneDrive\Desktop\RAJ\hackathon\demo\IR-colorization-BAH2026\output\downscaled_data
2026-06-25 17:26:59,089 - C:\Users\Raj Chandanshive\OneDrive\Desktop\RAJ\hackathon\demo\IR-colorization-BAH2026\output\patches - INFO - Generating full dataset patches for demo...
2026-06-25 17:26:59,173 - C:\Users\Raj Chandanshive\OneDrive\Desktop\RAJ\hackathon\demo\IR-colorization-BAH2026\output\patches - INFO - Successfully created 1 samples for demo.
2026-06-25 17:26:59,179 - C:\Users\Raj Chandanshive\OneDrive\Desktop\RAJ\hackathon\demo\IR-colorization-BAH2026\output\patches - INFO - Generating full dataset patches for mumbai...
2026-06-25 17:26:59,267 - C:\Users\Raj Chandanshive\OneDrive\Desktop\RAJ\hackathon\demo\IR-colorization-BAH2026\output\patches - INFO - Successfully created 1 samples for mumbai.
2026-06-25 17:27:04,360 - C:\Users\Raj Chandanshive\OneDrive\Desktop\RAJ\hackathon\demo\IR-colorization-BAH2026\output\patches - INFO - Found 3 products in C:\Users\Raj Chandanshive\OneDrive\Desktop\RAJ\hackathon\demo\IR-colorization-BAH2026\output\downscaled_data
2026-06-25 17:27:04,366 - C:\Users\Raj Chandanshive\OneDrive\Desktop\RAJ\hackathon\demo\IR-colorization-BAH2026\output\patches - INFO - Generating full dataset patches for thar...
2026-06-25 17:27:04,468 - C:\Users\Raj Chandanshive\OneDrive\Desktop\RAJ\hackathon\demo\IR-colorization-BAH2026\output\patches - INFO - Successfully created 1 samples for thar.
2026-06-25 17:27:04,474 - C:\Users\Raj Chandanshive\OneDrive\Desktop\RAJ\hackathon\demo\IR-colorization-BAH2026\output\patches - INFO - Generating full dataset patches for mumbai...
2026-06-25 17:27:04,557 - C:\Users\Raj Chandanshive\OneDrive\Desktop\RAJ\hackathon\demo\IR-colorization-BAH2026\output\patches - INFO - Successfully created 1 samples for mumbai.
2026-06-25 17:27:04,560 - C:\Users\Raj Chandanshive\OneDrive\Desktop\RAJ\hackathon\demo\IR-colorization-BAH2026\output\patches - INFO - Generating full dataset patches for demo...
2026-06-25 17:27:04,649 - C:\Users\Raj Chandanshive\OneDrive\Desktop\RAJ\hackathon\demo\IR-colorization-BAH2026\output\patches - INFO - Successfully created 1 samples for demo.
2026-06-25 17:32:32,240 - C:\Users\Raj Chandanshive\OneDrive\Desktop\RAJ\hackathon\demo\IR-colorization-BAH2026\output\patches - INFO - Found 3 products in C:\Users\Raj Chandanshive\OneDrive\Desktop\RAJ\hackathon\demo\IR-colorization-BAH2026\output\downscaled_data
2026-06-25 17:32:32,244 - C:\Users\Raj Chandanshive\OneDrive\Desktop\RAJ\hackathon\demo\IR-colorization-BAH2026\output\patches - INFO - Generating full dataset patches for demo...
2026-06-25 17:32:32,329 - C:\Users\Raj Chandanshive\OneDrive\Desktop\RAJ\hackathon\demo\IR-colorization-BAH2026\output\patches - INFO - Successfully created 1 samples for demo.
2026-06-25 17:32:32,334 - C:\Users\Raj Chandanshive\OneDrive\Desktop\RAJ\hackathon\demo\IR-colorization-BAH2026\output\patches - INFO - Generating full dataset patches for thar...
2026-06-25 17:32:32,421 - C:\Users\Raj Chandanshive\OneDrive\Desktop\RAJ\hackathon\demo\IR-colorization-BAH2026\output\patches - INFO - Successfully created 1 samples for thar.
2026-06-25 17:32:32,426 - C:\Users\Raj Chandanshive\OneDrive\Desktop\RAJ\hackathon\demo\IR-colorization-BAH2026\output\patches - INFO - Generating full dataset patches for mumbai...
2026-06-25 17:32:32,508 - C:\Users\Raj Chandanshive\OneDrive\Desktop\RAJ\hackathon\demo\IR-colorization-BAH2026\output\patches - INFO - Successfully created 1 samples for mumbai.
2026-06-25 17:32:38,549 - C:\Users\Raj Chandanshive\OneDrive\Desktop\RAJ\hackathon\demo\IR-colorization-BAH2026\output\patches - INFO - Found 4 products in C:\Users\Raj Chandanshive\OneDrive\Desktop\RAJ\hackathon\demo\IR-colorization-BAH2026\output\downscaled_data
2026-06-25 17:32:38,553 - C:\Users\Raj Chandanshive\OneDrive\Desktop\RAJ\hackathon\demo\IR-colorization-BAH2026\output\patches - INFO - Generating full dataset patches for ghats...
2026-06-25 17:32:38,655 - C:\Users\Raj Chandanshive\OneDrive\Desktop\RAJ\hackathon\demo\IR-colorization-BAH2026\output\patches - INFO - Successfully created 1 samples for ghats.
2026-06-25 17:32:38,659 - C:\Users\Raj Chandanshive\OneDrive\Desktop\RAJ\hackathon\demo\IR-colorization-BAH2026\output\patches - INFO - Generating full dataset patches for demo...
2026-06-25 17:32:38,737 - C:\Users\Raj Chandanshive\OneDrive\Desktop\RAJ\hackathon\demo\IR-colorization-BAH2026\output\patches - INFO - Successfully created 1 samples for demo.
2026-06-25 17:32:38,742 - C:\Users\Raj Chandanshive\OneDrive\Desktop\RAJ\hackathon\demo\IR-colorization-BAH2026\output\patches - INFO - Generating full dataset patches for thar...
2026-06-25 17:32:38,830 - C:\Users\Raj Chandanshive\OneDrive\Desktop\RAJ\hackathon\demo\IR-colorization-BAH2026\output\patches - INFO - Successfully created 1 samples for thar.
2026-06-25 17:32:38,835 - C:\Users\Raj Chandanshive\OneDrive\Desktop\RAJ\hackathon\demo\IR-colorization-BAH2026\output\patches - INFO - Generating full dataset patches for mumbai...
2026-06-25 17:32:38,923 - C:\Users\Raj Chandanshive\OneDrive\Desktop\RAJ\hackathon\demo\IR-colorization-BAH2026\output\patches - INFO - Successfully created 1 samples for mumbai.
2026-06-25 17:32:43,776 - C:\Users\Raj Chandanshive\OneDrive\Desktop\RAJ\hackathon\demo\IR-colorization-BAH2026\output\patches - INFO - Found 4 products in C:\Users\Raj Chandanshive\OneDrive\Desktop\RAJ\hackathon\demo\IR-colorization-BAH2026\output\downscaled_data
2026-06-25 17:32:43,781 - C:\Users\Raj Chandanshive\OneDrive\Desktop\RAJ\hackathon\demo\IR-colorization-BAH2026\output\patches - INFO - Generating full dataset patches for demo...
2026-06-25 17:32:43,883 - C:\Users\Raj Chandanshive\OneDrive\Desktop\RAJ\hackathon\demo\IR-colorization-BAH2026\output\patches - INFO - Successfully created 1 samples for demo.
2026-06-25 17:32:43,888 - C:\Users\Raj Chandanshive\OneDrive\Desktop\RAJ\hackathon\demo\IR-colorization-BAH2026\output\patches - INFO - Generating full dataset patches for mumbai...
2026-06-25 17:32:43,979 - C:\Users\Raj Chandanshive\OneDrive\Desktop\RAJ\hackathon\demo\IR-colorization-BAH2026\output\patches - INFO - Successfully created 1 samples for mumbai.
2026-06-25 17:32:43,983 - C:\Users\Raj Chandanshive\OneDrive\Desktop\RAJ\hackathon\demo\IR-colorization-BAH2026\output\patches - INFO - Generating full dataset patches for thar...
2026-06-25 17:32:44,072 - C:\Users\Raj Chandanshive\OneDrive\Desktop\RAJ\hackathon\demo\IR-colorization-BAH2026\output\patches - INFO - Successfully created 1 samples for thar.
2026-06-25 17:32:44,076 - C:\Users\Raj Chandanshive\OneDrive\Desktop\RAJ\hackathon\demo\IR-colorization-BAH2026\output\patches - INFO - Generating full dataset patches for ghats...
2026-06-25 17:32:44,165 - C:\Users\Raj Chandanshive\OneDrive\Desktop\RAJ\hackathon\demo\IR-colorization-BAH2026\output\patches - INFO - Successfully created 1 samples for ghats.
2026-06-25 17:32:50,051 - C:\Users\Raj Chandanshive\OneDrive\Desktop\RAJ\hackathon\demo\IR-colorization-BAH2026\output\patches - INFO - Found 4 products in C:\Users\Raj Chandanshive\OneDrive\Desktop\RAJ\hackathon\demo\IR-colorization-BAH2026\output\downscaled_data
2026-06-25 17:32:50,056 - C:\Users\Raj Chandanshive\OneDrive\Desktop\RAJ\hackathon\demo\IR-colorization-BAH2026\output\patches - INFO - Generating full dataset patches for ghats...
2026-06-25 17:32:50,152 - C:\Users\Raj Chandanshive\OneDrive\Desktop\RAJ\hackathon\demo\IR-colorization-BAH2026\output\patches - INFO - Successfully created 1 samples for ghats.
2026-06-25 17:32:50,157 - C:\Users\Raj Chandanshive\OneDrive\Desktop\RAJ\hackathon\demo\IR-colorization-BAH2026\output\patches - INFO - Generating full dataset patches for demo...
2026-06-25 17:32:50,234 - C:\Users\Raj Chandanshive\OneDrive\Desktop\RAJ\hackathon\demo\IR-colorization-BAH2026\output\patches - INFO - Successfully created 1 samples for demo.
2026-06-25 17:32:50,239 - C:\Users\Raj Chandanshive\OneDrive\Desktop\RAJ\hackathon\demo\IR-colorization-BAH2026\output\patches - INFO - Generating full dataset patches for thar...
2026-06-25 17:32:50,328 - C:\Users\Raj Chandanshive\OneDrive\Desktop\RAJ\hackathon\demo\IR-colorization-BAH2026\output\patches - INFO - Successfully created 1 samples for thar.
2026-06-25 17:32:50,333 - C:\Users\Raj Chandanshive\OneDrive\Desktop\RAJ\hackathon\demo\IR-colorization-BAH2026\output\patches - INFO - Generating full dataset patches for mumbai...
2026-06-25 17:32:50,425 - C:\Users\Raj Chandanshive\OneDrive\Desktop\RAJ\hackathon\demo\IR-colorization-BAH2026\output\patches - INFO - Successfully created 1 samples for mumbai.
2026-06-25 17:34:47,841 - C:\Users\Raj Chandanshive\OneDrive\Desktop\RAJ\hackathon\demo\IR-colorization-BAH2026\output\patches - INFO - Found 4 products in C:\Users\Raj Chandanshive\OneDrive\Desktop\RAJ\hackathon\demo\IR-colorization-BAH2026\output\downscaled_data
2026-06-25 17:34:47,847 - C:\Users\Raj Chandanshive\OneDrive\Desktop\RAJ\hackathon\demo\IR-colorization-BAH2026\output\patches - INFO - Generating full dataset patches for thar...
2026-06-25 17:34:47,977 - C:\Users\Raj Chandanshive\OneDrive\Desktop\RAJ\hackathon\demo\IR-colorization-BAH2026\output\patches - INFO - Successfully created 1 samples for thar.
2026-06-25 17:34:47,982 - C:\Users\Raj Chandanshive\OneDrive\Desktop\RAJ\hackathon\demo\IR-colorization-BAH2026\output\patches - INFO - Generating full dataset patches for ghats...
2026-06-25 17:34:48,077 - C:\Users\Raj Chandanshive\OneDrive\Desktop\RAJ\hackathon\demo\IR-colorization-BAH2026\output\patches - INFO - Successfully created 1 samples for ghats.
2026-06-25 17:34:48,081 - C:\Users\Raj Chandanshive\OneDrive\Desktop\RAJ\hackathon\demo\IR-colorization-BAH2026\output\patches - INFO - Generating full dataset patches for mumbai...
2026-06-25 17:34:48,169 - C:\Users\Raj Chandanshive\OneDrive\Desktop\RAJ\hackathon\demo\IR-colorization-BAH2026\output\patches - INFO - Successfully created 1 samples for mumbai.
2026-06-25 17:34:48,173 - C:\Users\Raj Chandanshive\OneDrive\Desktop\RAJ\hackathon\demo\IR-colorization-BAH2026\output\patches - INFO - Generating full dataset patches for demo...
2026-06-25 17:34:48,251 - C:\Users\Raj Chandanshive\OneDrive\Desktop\RAJ\hackathon\demo\IR-colorization-BAH2026\output\patches - INFO - Successfully created 1 samples for demo.
2026-06-25 17:34:54,144 - C:\Users\Raj Chandanshive\OneDrive\Desktop\RAJ\hackathon\demo\IR-colorization-BAH2026\output\patches - INFO - Found 4 products in C:\Users\Raj Chandanshive\OneDrive\Desktop\RAJ\hackathon\demo\IR-colorization-BAH2026\output\downscaled_data
2026-06-25 17:34:54,148 - C:\Users\Raj Chandanshive\OneDrive\Desktop\RAJ\hackathon\demo\IR-colorization-BAH2026\output\patches - INFO - Generating full dataset patches for demo...
2026-06-25 17:34:54,235 - C:\Users\Raj Chandanshive\OneDrive\Desktop\RAJ\hackathon\demo\IR-colorization-BAH2026\output\patches - INFO - Successfully created 1 samples for demo.
2026-06-25 17:34:54,239 - C:\Users\Raj Chandanshive\OneDrive\Desktop\RAJ\hackathon\demo\IR-colorization-BAH2026\output\patches - INFO - Generating full dataset patches for mumbai...
2026-06-25 17:34:54,324 - C:\Users\Raj Chandanshive\OneDrive\Desktop\RAJ\hackathon\demo\IR-colorization-BAH2026\output\patches - INFO - Successfully created 1 samples for mumbai.
2026-06-25 17:34:54,329 - C:\Users\Raj Chandanshive\OneDrive\Desktop\RAJ\hackathon\demo\IR-colorization-BAH2026\output\patches - INFO - Generating full dataset patches for ghats...
2026-06-25 17:34:54,428 - C:\Users\Raj Chandanshive\OneDrive\Desktop\RAJ\hackathon\demo\IR-colorization-BAH2026\output\patches - INFO - Successfully created 1 samples for ghats.
2026-06-25 17:34:54,434 - C:\Users\Raj Chandanshive\OneDrive\Desktop\RAJ\hackathon\demo\IR-colorization-BAH2026\output\patches - INFO - Generating full dataset patches for thar...
2026-06-25 17:34:54,538 - C:\Users\Raj Chandanshive\OneDrive\Desktop\RAJ\hackathon\demo\IR-colorization-BAH2026\output\patches - INFO - Successfully created 1 samples for thar.
2026-06-25 17:34:59,728 - C:\Users\Raj Chandanshive\OneDrive\Desktop\RAJ\hackathon\demo\IR-colorization-BAH2026\output\patches - INFO - Found 5 products in C:\Users\Raj Chandanshive\OneDrive\Desktop\RAJ\hackathon\demo\IR-colorization-BAH2026\output\downscaled_data
2026-06-25 17:34:59,733 - C:\Users\Raj Chandanshive\OneDrive\Desktop\RAJ\hackathon\demo\IR-colorization-BAH2026\output\patches - INFO - Generating full dataset patches for ghats...
2026-06-25 17:34:59,830 - C:\Users\Raj Chandanshive\OneDrive\Desktop\RAJ\hackathon\demo\IR-colorization-BAH2026\output\patches - INFO - Successfully created 1 samples for ghats.
2026-06-25 17:34:59,834 - C:\Users\Raj Chandanshive\OneDrive\Desktop\RAJ\hackathon\demo\IR-colorization-BAH2026\output\patches - INFO - Generating full dataset patches for demo...
2026-06-25 17:34:59,915 - C:\Users\Raj Chandanshive\OneDrive\Desktop\RAJ\hackathon\demo\IR-colorization-BAH2026\output\patches - INFO - Successfully created 1 samples for demo.
2026-06-25 17:34:59,922 - C:\Users\Raj Chandanshive\OneDrive\Desktop\RAJ\hackathon\demo\IR-colorization-BAH2026\output\patches - INFO - Generating full dataset patches for goa...
2026-06-25 17:35:00,041 - C:\Users\Raj Chandanshive\OneDrive\Desktop\RAJ\hackathon\demo\IR-colorization-BAH2026\output\patches - INFO - Successfully created 1 samples for goa.
2026-06-25 17:35:00,048 - C:\Users\Raj Chandanshive\OneDrive\Desktop\RAJ\hackathon\demo\IR-colorization-BAH2026\output\patches - INFO - Generating full dataset patches for mumbai...
2026-06-25 17:35:00,151 - C:\Users\Raj Chandanshive\OneDrive\Desktop\RAJ\hackathon\demo\IR-colorization-BAH2026\output\patches - INFO - Successfully created 1 samples for mumbai.
2026-06-25 17:35:00,157 - C:\Users\Raj Chandanshive\OneDrive\Desktop\RAJ\hackathon\demo\IR-colorization-BAH2026\output\patches - INFO - Generating full dataset patches for thar...
2026-06-25 17:35:00,262 - C:\Users\Raj Chandanshive\OneDrive\Desktop\RAJ\hackathon\demo\IR-colorization-BAH2026\output\patches - INFO - Successfully created 1 samples for thar.
2026-06-25 17:35:06,241 - C:\Users\Raj Chandanshive\OneDrive\Desktop\RAJ\hackathon\demo\IR-colorization-BAH2026\output\patches - INFO - Found 5 products in C:\Users\Raj Chandanshive\OneDrive\Desktop\RAJ\hackathon\demo\IR-colorization-BAH2026\output\downscaled_data
2026-06-25 17:35:06,246 - C:\Users\Raj Chandanshive\OneDrive\Desktop\RAJ\hackathon\demo\IR-colorization-BAH2026\output\patches - INFO - Generating full dataset patches for thar...
2026-06-25 17:35:06,341 - C:\Users\Raj Chandanshive\OneDrive\Desktop\RAJ\hackathon\demo\IR-colorization-BAH2026\output\patches - INFO - Successfully created 1 samples for thar.
2026-06-25 17:35:06,346 - C:\Users\Raj Chandanshive\OneDrive\Desktop\RAJ\hackathon\demo\IR-colorization-BAH2026\output\patches - INFO - Generating full dataset patches for mumbai...
2026-06-25 17:35:06,434 - C:\Users\Raj Chandanshive\OneDrive\Desktop\RAJ\hackathon\demo\IR-colorization-BAH2026\output\patches - INFO - Successfully created 1 samples for mumbai.
2026-06-25 17:35:06,438 - C:\Users\Raj Chandanshive\OneDrive\Desktop\RAJ\hackathon\demo\IR-colorization-BAH2026\output\patches - INFO - Generating full dataset patches for ghats...
2026-06-25 17:35:06,529 - C:\Users\Raj Chandanshive\OneDrive\Desktop\RAJ\hackathon\demo\IR-colorization-BAH2026\output\patches - INFO - Successfully created 1 samples for ghats.
2026-06-25 17:35:06,532 - C:\Users\Raj Chandanshive\OneDrive\Desktop\RAJ\hackathon\demo\IR-colorization-BAH2026\output\patches - INFO - Generating full dataset patches for demo...
2026-06-25 17:35:06,610 - C:\Users\Raj Chandanshive\OneDrive\Desktop\RAJ\hackathon\demo\IR-colorization-BAH2026\output\patches - INFO - Successfully created 1 samples for demo.
2026-06-25 17:35:06,614 - C:\Users\Raj Chandanshive\OneDrive\Desktop\RAJ\hackathon\demo\IR-colorization-BAH2026\output\patches - INFO - Generating full dataset patches for goa...
2026-06-25 17:35:06,701 - C:\Users\Raj Chandanshive\OneDrive\Desktop\RAJ\hackathon\demo\IR-colorization-BAH2026\output\patches - INFO - Successfully created 1 samples for goa.
2026-06-25 17:35:11,786 - C:\Users\Raj Chandanshive\OneDrive\Desktop\RAJ\hackathon\demo\IR-colorization-BAH2026\output\patches - INFO - Found 5 products in C:\Users\Raj Chandanshive\OneDrive\Desktop\RAJ\hackathon\demo\IR-colorization-BAH2026\output\downscaled_data
2026-06-25 17:35:11,791 - C:\Users\Raj Chandanshive\OneDrive\Desktop\RAJ\hackathon\demo\IR-colorization-BAH2026\output\patches - INFO - Generating full dataset patches for mumbai...
2026-06-25 17:35:11,882 - C:\Users\Raj Chandanshive\OneDrive\Desktop\RAJ\hackathon\demo\IR-colorization-BAH2026\output\patches - INFO - Successfully created 1 samples for mumbai.
2026-06-25 17:35:11,887 - C:\Users\Raj Chandanshive\OneDrive\Desktop\RAJ\hackathon\demo\IR-colorization-BAH2026\output\patches - INFO - Generating full dataset patches for demo...
2026-06-25 17:35:11,969 - C:\Users\Raj Chandanshive\OneDrive\Desktop\RAJ\hackathon\demo\IR-colorization-BAH2026\output\patches - INFO - Successfully created 1 samples for demo.
2026-06-25 17:35:11,973 - C:\Users\Raj Chandanshive\OneDrive\Desktop\RAJ\hackathon\demo\IR-colorization-BAH2026\output\patches - INFO - Generating full dataset patches for ghats...
2026-06-25 17:35:12,065 - C:\Users\Raj Chandanshive\OneDrive\Desktop\RAJ\hackathon\demo\IR-colorization-BAH2026\output\patches - INFO - Successfully created 1 samples for ghats.
2026-06-25 17:35:12,070 - C:\Users\Raj Chandanshive\OneDrive\Desktop\RAJ\hackathon\demo\IR-colorization-BAH2026\output\patches - INFO - Generating full dataset patches for thar...
2026-06-25 17:35:12,167 - C:\Users\Raj Chandanshive\OneDrive\Desktop\RAJ\hackathon\demo\IR-colorization-BAH2026\output\patches - INFO - Successfully created 1 samples for thar.
2026-06-25 17:35:12,171 - C:\Users\Raj Chandanshive\OneDrive\Desktop\RAJ\hackathon\demo\IR-colorization-BAH2026\output\patches - INFO - Generating full dataset patches for goa...
2026-06-25 17:35:12,263 - C:\Users\Raj Chandanshive\OneDrive\Desktop\RAJ\hackathon\demo\IR-colorization-BAH2026\output\patches - INFO - Successfully created 1 samples for goa.
